<?xml version="1.0" encoding="UTF-8"?>
<TestRun id="0e5006e2-d2b2-4354-b75c-861d3babe284" name="tomtom@TOMTOM-WIN 2014-02-20 10:54:32" runUser="TOMTOM-WIN\tomtom" xmlns="http://microsoft.com/schemas/VisualStudio/TeamTest/2010">
  <TestSettings name="Default Test Settings" id="cfb68f6a-0a9f-4900-9d00-3d8cfdfeefb8">
    <Execution>
      <TestTypeSpecific />
      <AgentRule name="Execution Agents">
      </AgentRule>
    </Execution>
    <Deployment runDeploymentRoot="tomtom_TOMTOM-WIN 2014-02-20 10_54_32" />
  </TestSettings>
  <Times creation="2014-02-20T10:54:32.0102425+01:00" queuing="2014-02-20T10:54:32.7132827+01:00" start="2014-02-20T10:54:32.8872926+01:00" finish="2014-02-20T10:54:33.5063280+01:00" />
  <ResultSummary outcome="Completed">
    <Counters total="3" executed="3" passed="3" error="0" failed="0" timeout="0" aborted="0" inconclusive="0" passedButRunAborted="0" notRunnable="0" notExecuted="0" disconnected="0" warning="0" completed="0" inProgress="0" pending="0" />
  </ResultSummary>
  <TestDefinitions>
    <UnitTest name="QuantityAddedDbEventHandlerTest" storage="c:\users\tomtom\documents\visual studio 2010\projects\mvclearning_webapi\unittests\bin\debug\unittests.dll" id="445097d5-09c3-b32b-0c1a-7077be211dd5">
      <Execution timeOut="1800000" id="40fdcf21-98d2-4989-a88a-3eccb843c309" />
      <TestMethod codeBase="C:/Users/tomtom/documents/visual studio 2010/Projects/MvcLearning_WebAPI/UnitTests/bin/Debug/UnitTests.DLL" adapterTypeName="Microsoft.VisualStudio.TestTools.TestTypes.Unit.UnitTestAdapter, Microsoft.VisualStudio.QualityTools.Tips.UnitTest.Adapter, Version=10.0.0.0, Culture=neutral, PublicKeyToken=b03f5f7f11d50a3a" className="UnitTests.EventHandlers.QuantityAddedEventHandlersTest, UnitTests, Version=1.0.0.0, Culture=neutral, PublicKeyToken=null" name="QuantityAddedDbEventHandlerTest" />
    </UnitTest>
    <UnitTest name="HandleTestWithException" storage="c:\users\tomtom\documents\visual studio 2010\projects\mvclearning_webapi\unittests\bin\debug\unittests.dll" id="70a947a0-a04a-7167-80be-b354c5c857a0">
      <Execution timeOut="1800000" id="8ee86888-d24c-43eb-aa87-6c706c456006" />
      <TestMethod codeBase="C:/Users/tomtom/documents/visual studio 2010/Projects/MvcLearning_WebAPI/UnitTests/bin/Debug/UnitTests.DLL" adapterTypeName="Microsoft.VisualStudio.TestTools.TestTypes.Unit.UnitTestAdapter, Microsoft.VisualStudio.QualityTools.Tips.UnitTest.Adapter, Version=10.0.0.0, Culture=neutral, PublicKeyToken=b03f5f7f11d50a3a" className="UnitTests.CommandHandlers.AddQuantityCommandHandlerTest, UnitTests, Version=1.0.0.0, Culture=neutral, PublicKeyToken=null" name="HandleTestWithException" />
    </UnitTest>
    <UnitTest name="HandleTest" storage="c:\users\tomtom\documents\visual studio 2010\projects\mvclearning_webapi\unittests\bin\debug\unittests.dll" id="cc9b3c62-df8f-41da-5d8b-30499c1b2536">
      <Execution timeOut="1800000" id="55aa184a-2288-48d6-b8e0-8cd269dd219a" />
      <TestMethod codeBase="C:/Users/tomtom/documents/visual studio 2010/Projects/MvcLearning_WebAPI/UnitTests/bin/Debug/UnitTests.DLL" adapterTypeName="Microsoft.VisualStudio.TestTools.TestTypes.Unit.UnitTestAdapter, Microsoft.VisualStudio.QualityTools.Tips.UnitTest.Adapter, Version=10.0.0.0, Culture=neutral, PublicKeyToken=b03f5f7f11d50a3a" className="UnitTests.CommandHandlers.AddQuantityCommandHandlerTest, UnitTests, Version=1.0.0.0, Culture=neutral, PublicKeyToken=null" name="HandleTest" />
    </UnitTest>
  </TestDefinitions>
  <TestLists>
    <TestList name="Results Not in a List" id="8c84fa94-04c1-424b-9868-57a2d4851a1d" />
    <TestList name="All Loaded Results" id="19431567-8539-422a-85d7-44ee4e166bda" />
  </TestLists>
  <TestEntries>
    <TestEntry testId="cc9b3c62-df8f-41da-5d8b-30499c1b2536" executionId="55aa184a-2288-48d6-b8e0-8cd269dd219a" testListId="8c84fa94-04c1-424b-9868-57a2d4851a1d" />
    <TestEntry testId="70a947a0-a04a-7167-80be-b354c5c857a0" executionId="8ee86888-d24c-43eb-aa87-6c706c456006" testListId="8c84fa94-04c1-424b-9868-57a2d4851a1d" />
    <TestEntry testId="445097d5-09c3-b32b-0c1a-7077be211dd5" executionId="40fdcf21-98d2-4989-a88a-3eccb843c309" testListId="8c84fa94-04c1-424b-9868-57a2d4851a1d" />
  </TestEntries>
  <Results>
    <UnitTestResult executionId="55aa184a-2288-48d6-b8e0-8cd269dd219a" testId="cc9b3c62-df8f-41da-5d8b-30499c1b2536" testName="HandleTest" computerName="TOMTOM-WIN" duration="00:00:00.3362478" startTime="2014-02-20T10:54:33.0363012+01:00" endTime="2014-02-20T10:54:33.4253234+01:00" testType="13cdc9d9-ddb5-4fa4-a97d-d965ccfc6d4b" outcome="Passed" testListId="8c84fa94-04c1-424b-9868-57a2d4851a1d" relativeResultsDirectory="55aa184a-2288-48d6-b8e0-8cd269dd219a">
    </UnitTestResult>
    <UnitTestResult executionId="8ee86888-d24c-43eb-aa87-6c706c456006" testId="70a947a0-a04a-7167-80be-b354c5c857a0" testName="HandleTestWithException" computerName="TOMTOM-WIN" duration="00:00:00.0042079" startTime="2014-02-20T10:54:33.4293236+01:00" endTime="2014-02-20T10:54:33.4343239+01:00" testType="13cdc9d9-ddb5-4fa4-a97d-d965ccfc6d4b" outcome="Passed" testListId="8c84fa94-04c1-424b-9868-57a2d4851a1d" relativeResultsDirectory="8ee86888-d24c-43eb-aa87-6c706c456006">
    </UnitTestResult>
    <UnitTestResult executionId="40fdcf21-98d2-4989-a88a-3eccb843c309" testId="445097d5-09c3-b32b-0c1a-7077be211dd5" testName="QuantityAddedDbEventHandlerTest" computerName="TOMTOM-WIN" duration="00:00:00.0008840" startTime="2014-02-20T10:54:33.4383242+01:00" endTime="2014-02-20T10:54:33.4393242+01:00" testType="13cdc9d9-ddb5-4fa4-a97d-d965ccfc6d4b" outcome="Passed" testListId="8c84fa94-04c1-424b-9868-57a2d4851a1d" relativeResultsDirectory="40fdcf21-98d2-4989-a88a-3eccb843c309">
    </UnitTestResult>
  </Results>
</TestRun>