<?xml version="1.0" encoding="UTF-8"?>
<TestRun id="dd9e2239-b68c-4266-8211-8b4f6b037d34" name="tomtom@TOMTOM-WIN 2014-02-20 10:44:32" runUser="TOMTOM-WIN\tomtom" xmlns="http://microsoft.com/schemas/VisualStudio/TeamTest/2010">
  <TestSettings name="Default Test Settings" id="a8a2f51c-cccc-48cf-9c8c-22021ec46fd9">
    <Execution>
      <TestTypeSpecific />
      <AgentRule name="Execution Agents">
      </AgentRule>
    </Execution>
    <Deployment runDeploymentRoot="tomtom_TOMTOM-WIN 2014-02-20 10_44_32" />
  </TestSettings>
  <Times creation="2014-02-20T10:44:32.5699564+01:00" queuing="2014-02-20T10:44:33.3790027+01:00" start="2014-02-20T10:44:33.5830144+01:00" finish="2014-02-20T10:44:34.4790656+01:00" />
  <ResultSummary outcome="Failed">
    <Counters total="4" executed="4" error="0" failed="4" timeout="0" aborted="0" inconclusive="0" passedButRunAborted="0" notRunnable="0" notExecuted="0" disconnected="0" warning="0" passed="0" completed="0" inProgress="0" pending="0" />
  </ResultSummary>
  <TestDefinitions>
    <UnitTest name="QuantityAddedDbEventHandlerTest" storage="c:\users\tomtom\documents\visual studio 2010\projects\mvclearning_webapi\unittests\bin\debug\unittests.dll" id="445097d5-09c3-b32b-0c1a-7077be211dd5">
      <Execution timeOut="1800000" id="b16e1c4f-4cd7-462c-bb1f-804af79dc71e" />
      <TestMethod codeBase="C:/Users/tomtom/documents/visual studio 2010/Projects/MvcLearning_WebAPI/UnitTests/bin/Debug/UnitTests.DLL" adapterTypeName="Microsoft.VisualStudio.TestTools.TestTypes.Unit.UnitTestAdapter, Microsoft.VisualStudio.QualityTools.Tips.UnitTest.Adapter, Version=10.0.0.0, Culture=neutral, PublicKeyToken=b03f5f7f11d50a3a" className="UnitTests.EventHandlers.QuantityAddedEventHandlersTest, UnitTests, Version=1.0.0.0, Culture=neutral, PublicKeyToken=null" name="QuantityAddedDbEventHandlerTest" />
    </UnitTest>
    <UnitTest name="HandleTestWithException" storage="c:\users\tomtom\documents\visual studio 2010\projects\mvclearning_webapi\unittests\bin\debug\unittests.dll" id="70a947a0-a04a-7167-80be-b354c5c857a0">
      <Execution timeOut="1800000" id="b6d14c0a-ccd8-4d4a-9e2d-7c670978da25" />
      <TestMethod codeBase="C:/Users/tomtom/documents/visual studio 2010/Projects/MvcLearning_WebAPI/UnitTests/bin/Debug/UnitTests.DLL" adapterTypeName="Microsoft.VisualStudio.TestTools.TestTypes.Unit.UnitTestAdapter, Microsoft.VisualStudio.QualityTools.Tips.UnitTest.Adapter, Version=10.0.0.0, Culture=neutral, PublicKeyToken=b03f5f7f11d50a3a" className="UnitTests.CommandHandlers.AddQuantityCommandHandlerTest, UnitTests, Version=1.0.0.0, Culture=neutral, PublicKeyToken=null" name="HandleTestWithException" />
    </UnitTest>
    <UnitTest name="HandleTest" storage="c:\users\tomtom\documents\visual studio 2010\projects\mvclearning_webapi\unittests\bin\debug\unittests.dll" id="cc9b3c62-df8f-41da-5d8b-30499c1b2536">
      <Execution timeOut="1800000" id="9dec5c42-e252-4f79-a236-59bf31b3f5fd" />
      <TestMethod codeBase="C:/Users/tomtom/documents/visual studio 2010/Projects/MvcLearning_WebAPI/UnitTests/bin/Debug/UnitTests.DLL" adapterTypeName="Microsoft.VisualStudio.TestTools.TestTypes.Unit.UnitTestAdapter, Microsoft.VisualStudio.QualityTools.Tips.UnitTest.Adapter, Version=10.0.0.0, Culture=neutral, PublicKeyToken=b03f5f7f11d50a3a" className="UnitTests.CommandHandlers.AddQuantityCommandHandlerTest, UnitTests, Version=1.0.0.0, Culture=neutral, PublicKeyToken=null" name="HandleTest" />
    </UnitTest>
    <UnitTest name="QuantityAddedDbEventHandlerExceptionTest" storage="c:\users\tomtom\documents\visual studio 2010\projects\mvclearning_webapi\unittests\bin\debug\unittests.dll" id="af91c8e6-86d6-9b46-801e-c78247f76c88">
      <Execution timeOut="1800000" id="e1b8dc55-5e79-4a32-89bc-6f912b65c244" />
      <TestMethod codeBase="C:/Users/tomtom/documents/visual studio 2010/Projects/MvcLearning_WebAPI/UnitTests/bin/Debug/UnitTests.DLL" adapterTypeName="Microsoft.VisualStudio.TestTools.TestTypes.Unit.UnitTestAdapter, Microsoft.VisualStudio.QualityTools.Tips.UnitTest.Adapter, Version=10.0.0.0, Culture=neutral, PublicKeyToken=b03f5f7f11d50a3a" className="UnitTests.EventHandlers.QuantityAddedEventHandlersTest, UnitTests, Version=1.0.0.0, Culture=neutral, PublicKeyToken=null" name="QuantityAddedDbEventHandlerExceptionTest" />
    </UnitTest>
  </TestDefinitions>
  <TestLists>
    <TestList name="Results Not in a List" id="8c84fa94-04c1-424b-9868-57a2d4851a1d" />
    <TestList name="All Loaded Results" id="19431567-8539-422a-85d7-44ee4e166bda" />
  </TestLists>
  <TestEntries>
    <TestEntry testId="cc9b3c62-df8f-41da-5d8b-30499c1b2536" executionId="9dec5c42-e252-4f79-a236-59bf31b3f5fd" testListId="8c84fa94-04c1-424b-9868-57a2d4851a1d" />
    <TestEntry testId="70a947a0-a04a-7167-80be-b354c5c857a0" executionId="b6d14c0a-ccd8-4d4a-9e2d-7c670978da25" testListId="8c84fa94-04c1-424b-9868-57a2d4851a1d" />
    <TestEntry testId="af91c8e6-86d6-9b46-801e-c78247f76c88" executionId="e1b8dc55-5e79-4a32-89bc-6f912b65c244" testListId="8c84fa94-04c1-424b-9868-57a2d4851a1d" />
    <TestEntry testId="445097d5-09c3-b32b-0c1a-7077be211dd5" executionId="b16e1c4f-4cd7-462c-bb1f-804af79dc71e" testListId="8c84fa94-04c1-424b-9868-57a2d4851a1d" />
  </TestEntries>
  <Results>
    <UnitTestResult executionId="9dec5c42-e252-4f79-a236-59bf31b3f5fd" testId="cc9b3c62-df8f-41da-5d8b-30499c1b2536" testName="HandleTest" computerName="TOMTOM-WIN" duration="00:00:00.5796872" startTime="2014-02-20T10:44:33.7370232+01:00" endTime="2014-02-20T10:44:34.3850603+01:00" testType="13cdc9d9-ddb5-4fa4-a97d-d965ccfc6d4b" outcome="Failed" testListId="8c84fa94-04c1-424b-9868-57a2d4851a1d" relativeResultsDirectory="9dec5c42-e252-4f79-a236-59bf31b3f5fd">
      <Output>
        <ErrorInfo>
          <Message>Assert.AreEqual failed. Expected:&lt;1&gt;. Actual:&lt;3&gt;. </Message>
          <StackTrace>   w UnitTests.CommandHandlers.AddQuantityCommandHandlerTest.HandleTest() w C:\Users\tomtom\documents\visual studio 2010\Projects\MvcLearning_WebAPI\UnitTests\CommandHandlers\AddQuantityCommandHandlerTest.cs:wiersz 47
</StackTrace>
        </ErrorInfo>
      </Output>
    </UnitTestResult>
    <UnitTestResult executionId="b6d14c0a-ccd8-4d4a-9e2d-7c670978da25" testId="70a947a0-a04a-7167-80be-b354c5c857a0" testName="HandleTestWithException" computerName="TOMTOM-WIN" duration="00:00:00.0020842" startTime="2014-02-20T10:44:34.3880604+01:00" endTime="2014-02-20T10:44:34.3920607+01:00" testType="13cdc9d9-ddb5-4fa4-a97d-d965ccfc6d4b" outcome="Failed" testListId="8c84fa94-04c1-424b-9868-57a2d4851a1d" relativeResultsDirectory="b6d14c0a-ccd8-4d4a-9e2d-7c670978da25">
      <Output>
        <ErrorInfo>
          <Message>Test method UnitTests.CommandHandlers.AddQuantityCommandHandlerTest.HandleTestWithException did not throw expected exception System.NotImplementedException.</Message>
        </ErrorInfo>
      </Output>
    </UnitTestResult>
    <UnitTestResult executionId="e1b8dc55-5e79-4a32-89bc-6f912b65c244" testId="af91c8e6-86d6-9b46-801e-c78247f76c88" testName="QuantityAddedDbEventHandlerExceptionTest" computerName="TOMTOM-WIN" duration="00:00:00.0007104" startTime="2014-02-20T10:44:34.3990611+01:00" endTime="2014-02-20T10:44:34.4030613+01:00" testType="13cdc9d9-ddb5-4fa4-a97d-d965ccfc6d4b" outcome="Failed" testListId="8c84fa94-04c1-424b-9868-57a2d4851a1d" relativeResultsDirectory="e1b8dc55-5e79-4a32-89bc-6f912b65c244">
      <Output>
        <ErrorInfo>
          <Message>Test method UnitTests.EventHandlers.QuantityAddedEventHandlersTest.QuantityAddedDbEventHandlerExceptionTest did not throw expected exception System.ArgumentNullException.</Message>
        </ErrorInfo>
      </Output>
    </UnitTestResult>
    <UnitTestResult executionId="b16e1c4f-4cd7-462c-bb1f-804af79dc71e" testId="445097d5-09c3-b32b-0c1a-7077be211dd5" testName="QuantityAddedDbEventHandlerTest" computerName="TOMTOM-WIN" duration="00:00:00.0042211" startTime="2014-02-20T10:44:34.4100617+01:00" endTime="2014-02-20T10:44:34.4150620+01:00" testType="13cdc9d9-ddb5-4fa4-a97d-d965ccfc6d4b" outcome="Failed" testListId="8c84fa94-04c1-424b-9868-57a2d4851a1d" relativeResultsDirectory="b16e1c4f-4cd7-462c-bb1f-804af79dc71e">
      <Output>
        <ErrorInfo>
          <Message>Assert.AreEqual failed. Expected:&lt;4&gt;. Actual:&lt;1&gt;. </Message>
          <StackTrace>   w UnitTests.EventHandlers.QuantityAddedEventHandlersTest.QuantityAddedDbEventHandlerTest() w C:\Users\tomtom\documents\visual studio 2010\Projects\MvcLearning_WebAPI\UnitTests\EventHandlers\QuantityAddedEventHandlersTest.cs:wiersz 29
</StackTrace>
        </ErrorInfo>
      </Output>
    </UnitTestResult>
  </Results>
</TestRun>